  main.cpp
C:\Users\hayah\source\repos\Project2\Project2\main.cpp(1,1): warning C4819: ファイルは、現在のコード ページ (932) で表示できない文字を含んでいます。データの損失を防ぐために、ファイルを Unicode 形式で保存してください。
C:\Users\hayah\Downloads\libtorch-win-shared-with-deps-debug-2.6.0+cu126\libtorch\include\torch\csrc\api\include\torch\nn\options\fold.h(1,1): warning C4819: ファイルは、現在のコード ページ (932) で表示できない文字を含んでいます。データの損失を防ぐために、ファイルを Unicode 形式で保存してください。
  (ソース ファイル 'main.cpp' をコンパイルしています)
  
C:\C2\include\libavutil\rational.h(1,1): warning C4819: ファイルは、現在のコード ページ (932) で表示できない文字を含んでいます。データの損失を防ぐために、ファイルを Unicode 形式で保存してください。
  (ソース ファイル 'main.cpp' をコンパイルしています)
  
C:\Users\hayah\source\repos\Project2\Project2\threed.h(1,1): warning C4819: ファイルは、現在のコード ページ (932) で表示できない文字を含んでいます。データの損失を防ぐために、ファイルを Unicode 形式で保存してください。
  (ソース ファイル 'main.cpp' をコンパイルしています)
  
C:\Users\hayah\source\repos\Project2\Project2\threed.h(811,1): warning C4819: ファイルは、現在のコード ページ (932) で表示できない文字を含んでいます。データの損失を防ぐために、ファイルを Unicode 形式で保存してください。
  (ソース ファイル 'main.cpp' をコンパイルしています)
  
C:\Users\hayah\source\repos\Project2\Project2\arr.h(593,12): warning C4477: 'printf' : 書式文字列 '%d' には、型 'int' の引数が必要ですが、可変個引数 1 は型 'char *' です
  (ソース ファイル 'main.cpp' をコンパイルしています)
  
C:\Users\hayah\source\repos\Project2\Project2\arr.h(593,12): warning C4313: 'printf': 書式文字列内の '%d' が引数 1 ('char *' 型) と競合しています
  (ソース ファイル 'main.cpp' をコンパイルしています)
  
C:\Users\hayah\source\repos\Project2\Project2\arr.h(596,12): warning C4477: 'printf' : 書式文字列 '%f' には、型 'double' の引数が必要ですが、可変個引数 1 は型 'char *' です
  (ソース ファイル 'main.cpp' をコンパイルしています)
  
C:\Users\hayah\source\repos\Project2\Project2\arr.h(789,13): warning C4311: '型キャスト': ポインターを 'char *' から 'long' へ切り詰めます。
  (ソース ファイル 'main.cpp' をコンパイルしています)
  
C:\Users\hayah\source\repos\Project2\Project2\elem.h(69,16): warning C4091: 'typedef ': 変数が何も宣言されていないときは、'MemObj' の左辺を無視します。
  (ソース ファイル 'main.cpp' をコンパイルしています)
  
C:\Users\hayah\source\repos\Project2\Project2\elem.h(75,16): warning C4091: 'typedef ': 変数が何も宣言されていないときは、'MemFunc' の左辺を無視します。
  (ソース ファイル 'main.cpp' をコンパイルしています)
  
C:\Users\hayah\source\repos\Project2\Project2\elem.h(81,16): warning C4091: 'typedef ': 変数が何も宣言されていないときは、'PointI' の左辺を無視します。
  (ソース ファイル 'main.cpp' をコンパイルしています)
  
C:\Users\hayah\source\repos\Project2\Project2\newelem.h(1,1): warning C4819: ファイルは、現在のコード ページ (932) で表示できない文字を含んでいます。データの損失を防ぐために、ファイルを Unicode 形式で保存してください。
  (ソース ファイル 'main.cpp' をコンパイルしています)
  
C:\Users\hayah\source\repos\Project2\Project2\newelem.h(11,16): warning C4091: 'typedef ': 変数が何も宣言されていないときは、'NewElement' の左辺を無視します。
  (ソース ファイル 'main.cpp' をコンパイルしています)
  
C:\Users\hayah\source\repos\Project2\Project2\newelem.h(12,16): warning C4091: 'typedef ': 変数が何も宣言されていないときは、'DrawCommand' の左辺を無視します。
  (ソース ファイル 'main.cpp' をコンパイルしています)
  
C:\Users\hayah\source\repos\Project2\Project2\newelem.h(730,53): warning C4834: [[nodiscard]] 属性を持つ関数の戻り値を破棄しています
  (ソース ファイル 'main.cpp' をコンパイルしています)
  
C:\Users\hayah\source\repos\Project2\Project2\Compile.h(1,1): warning C4819: ファイルは、現在のコード ページ (932) で表示できない文字を含んでいます。データの損失を防ぐために、ファイルを Unicode 形式で保存してください。
  (ソース ファイル 'main.cpp' をコンパイルしています)
  
C:\Users\hayah\source\repos\Project2\Project2\objz.h(1,1): warning C4819: ファイルは、現在のコード ページ (932) で表示できない文字を含んでいます。データの損失を防ぐために、ファイルを Unicode 形式で保存してください。
  (ソース ファイル 'main.cpp' をコンパイルしています)
  
C:\Users\hayah\source\repos\Project2\Project2\newelem.h(846,1): warning C4819: ファイルは、現在のコード ページ (932) で表示できない文字を含んでいます。データの損失を防ぐために、ファイルを Unicode 形式で保存してください。
  (ソース ファイル 'main.cpp' をコンパイルしています)
  
C:\Users\hayah\source\repos\Project2\Project2\opt.h(1,1): warning C4819: ファイルは、現在のコード ページ (932) で表示できない文字を含んでいます。データの損失を防ぐために、ファイルを Unicode 形式で保存してください。
  (ソース ファイル 'main.cpp' をコンパイルしています)
  
C:\Users\hayah\source\repos\Project2\Project2\shader.h(696,43): warning C5055: 演算子 '<=': 列挙型と浮動小数点型の間では非推奨です
  (ソース ファイル 'main.cpp' をコンパイルしています)
  
C:\Users\hayah\source\repos\Project2\Project2\shader.h(696,73): warning C5055: 演算子 '<=': 列挙型と浮動小数点型の間では非推奨です
  (ソース ファイル 'main.cpp' をコンパイルしています)
  
C:\Users\hayah\source\repos\Project2\Project2\extorch.h(1,1): warning C4819: ファイルは、現在のコード ページ (932) で表示できない文字を含んでいます。データの損失を防ぐために、ファイルを Unicode 形式で保存してください。
  (ソース ファイル 'main.cpp' をコンパイルしています)
  
C:\Users\hayah\source\repos\Project2\Project2\extorch.h(795,1): warning C4819: ファイルは、現在のコード ページ (932) で表示できない文字を含んでいます。データの損失を防ぐために、ファイルを Unicode 形式で保存してください。
  (ソース ファイル 'main.cpp' をコンパイルしています)
  
C:\Program Files\Microsoft Visual Studio\18\Community\VC\Tools\MSVC\14.50.35717\include\optional(82,17): warning C4267: '初期化中': 'size_t' から 'int' に変換しました。データが失われているかもしれません。
  (ソース ファイル 'main.cpp' をコンパイルしています)
      C:\Program Files\Microsoft Visual Studio\18\Community\VC\Tools\MSVC\14.50.35717\include\optional(82,17):
      テンプレートインスタンス化コンテキスト (最初に最も古いもの) は
          C:\Users\hayah\Downloads\libtorch-win-shared-with-deps-debug-2.6.0+cu126\libtorch\include\ATen\core\function_schema.h(438,9):
          コンパイル対象の関数 テンプレート インスタンス化 'std::optional<int>::optional<const I,0>(_Ty2 &&) noexcept' のリファレンスを確認してください
          with
          [
              I=size_t,
              _Ty2=size_t
          ]
              C:\Users\hayah\Downloads\libtorch-win-shared-with-deps-debug-2.6.0+cu126\libtorch\include\ATen\core\function_schema.h(438,9):
              'c10::FunctionSchema::argumentIndexWithName' の 'std::optional<int>::optional' への最初の参照を参照してください
          C:\Program Files\Microsoft Visual Studio\18\Community\VC\Tools\MSVC\14.50.35717\include\optional(272,18):
          コンパイル対象の関数 テンプレート インスタンス化 'std::_Optional_construct_base<_Ty>::_Optional_construct_base<const unsigned __int64>(std::in_place_t,const unsigned __int64 &&)' のリファレンスを確認してください
          with
          [
              _Ty=int
          ]
          C:\Users\hayah\source\repos\Project2\Project2\main.cpp(537,1):
          コンパイル対象の関数 テンプレート インスタンス化 'std::_Optional_destruct_base<_Ty,true>::_Optional_destruct_base<const unsigned __int64>(std::in_place_t,const unsigned __int64 &&) noexcept' のリファレンスを確認してください
          with
          [
              _Ty=int
          ]
  
C:\Program Files\Microsoft Visual Studio\18\Community\VC\Tools\MSVC\14.50.35717\include\xutility(508,64): warning C4267: '初期化中': 'size_t' から '_Ty' に変換しました。データが失われているかもしれません。
C:\Program Files\Microsoft Visual Studio\18\Community\VC\Tools\MSVC\14.50.35717\include\xutility(508,64): warning C4267:         with
C:\Program Files\Microsoft Visual Studio\18\Community\VC\Tools\MSVC\14.50.35717\include\xutility(508,64): warning C4267:         [
C:\Program Files\Microsoft Visual Studio\18\Community\VC\Tools\MSVC\14.50.35717\include\xutility(508,64): warning C4267:             _Ty=unsigned int
C:\Program Files\Microsoft Visual Studio\18\Community\VC\Tools\MSVC\14.50.35717\include\xutility(508,64): warning C4267:         ]
  (ソース ファイル 'main.cpp' をコンパイルしています)
      C:\Program Files\Microsoft Visual Studio\18\Community\VC\Tools\MSVC\14.50.35717\include\xutility(508,64):
      テンプレートインスタンス化コンテキスト (最初に最も古いもの) は
          C:\Users\hayah\Downloads\libtorch-win-shared-with-deps-debug-2.6.0+cu126\libtorch\include\torch\csrc\dynamo\compiled_autograd.h(150,23):
          コンパイル対象の関数 テンプレート インスタンス化 'unsigned int &std::vector<std::_Vbase,std::allocator<std::_Vbase>>::emplace_back<const _Ty&>(const _Ty &)' のリファレンスを確認してください
          with
          [
              _Ty=size_t
          ]
              C:\Users\hayah\Downloads\libtorch-win-shared-with-deps-debug-2.6.0+cu126\libtorch\include\torch\csrc\dynamo\compiled_autograd.h(150,35):
              'torch::dynamo::autograd::TensorArgs::lookup' の 'std::vector<std::_Vbase,std::allocator<std::_Vbase>>::emplace_back' への最初の参照を参照してください
          C:\Program Files\Microsoft Visual Studio\18\Community\VC\Tools\MSVC\14.50.35717\include\vector(924,24):
          コンパイル対象の関数 テンプレート インスタンス化 '_Ty &std::vector<_Ty,std::allocator<_Ty>>::_Emplace_one_at_back<const unsigned __int64&>(const unsigned __int64 &)' のリファレンスを確認してください
          with
          [
              _Ty=std::_Vbase
          ]
          C:\Program Files\Microsoft Visual Studio\18\Community\VC\Tools\MSVC\14.50.35717\include\vector(845,20):
          コンパイル対象の関数 テンプレート インスタンス化 '_Ty &std::vector<_Ty,std::allocator<_Ty>>::_Emplace_back_with_unused_capacity<const unsigned __int64&>(const unsigned __int64 &)' のリファレンスを確認してください
          with
          [
              _Ty=std::_Vbase
          ]
          C:\Program Files\Microsoft Visual Studio\18\Community\VC\Tools\MSVC\14.50.35717\include\vector(860,18):
          コンパイル対象の関数 テンプレート インスタンス化 'void std::_Construct_in_place<unsigned int,const _Ty&>(unsigned int &,const _Ty &) noexcept' のリファレンスを確認してください
          with
          [
              _Ty=size_t
          ]
          C:\Program Files\Microsoft Visual Studio\18\Community\VC\Tools\MSVC\14.50.35717\include\xutility(518,14):
          コンパイル対象の関数 テンプレート インスタンス化 '_Ty *std::construct_at<_Ty,const unsigned __int64&>(_Ty *const ,const unsigned __int64 &) noexcept(<expr>)' のリファレンスを確認してください
          with
          [
              _Ty=unsigned int
          ]
  
C:\Program Files\Microsoft Visual Studio\18\Community\VC\Tools\MSVC\14.50.35717\include\xutility(522,61): warning C4267: '初期化中': 'size_t' から 'unsigned int' に変換しました。データが失われているかもしれません。
  (ソース ファイル 'main.cpp' をコンパイルしています)
  
C:\Program Files\Microsoft Visual Studio\18\Community\VC\Tools\MSVC\14.50.35717\include\xutility(508,64): warning C4267: '初期化中': 'size_t' から '_Ty' に変換しました。データが失われているかもしれません。
C:\Program Files\Microsoft Visual Studio\18\Community\VC\Tools\MSVC\14.50.35717\include\xutility(508,64): warning C4267:         with
C:\Program Files\Microsoft Visual Studio\18\Community\VC\Tools\MSVC\14.50.35717\include\xutility(508,64): warning C4267:         [
C:\Program Files\Microsoft Visual Studio\18\Community\VC\Tools\MSVC\14.50.35717\include\xutility(508,64): warning C4267:             _Ty=int
C:\Program Files\Microsoft Visual Studio\18\Community\VC\Tools\MSVC\14.50.35717\include\xutility(508,64): warning C4267:         ]
  (ソース ファイル 'main.cpp' をコンパイルしています)
      C:\Program Files\Microsoft Visual Studio\18\Community\VC\Tools\MSVC\14.50.35717\include\xutility(508,64):
      テンプレートインスタンス化コンテキスト (最初に最も古いもの) は
          C:\Users\hayah\Downloads\libtorch-win-shared-with-deps-debug-2.6.0+cu126\libtorch\include\torch\csrc\dynamo\compiled_autograd.h(537,26):
          コンパイル対象の関数 テンプレート インスタンス化 'int &std::vector<int32_t,std::allocator<int>>::emplace_back<size_t&>(size_t &)' のリファレンスを確認してください
              C:\Users\hayah\Downloads\libtorch-win-shared-with-deps-debug-2.6.0+cu126\libtorch\include\torch\csrc\dynamo\compiled_autograd.h(537,38):
              'torch::dynamo::autograd::CompiledNodeArgs::add_pre_hook' の 'std::vector<int32_t,std::allocator<int>>::emplace_back' への最初の参照を参照してください
          C:\Program Files\Microsoft Visual Studio\18\Community\VC\Tools\MSVC\14.50.35717\include\vector(924,24):
          コンパイル対象の関数 テンプレート インスタンス化 '_Ty &std::vector<_Ty,std::allocator<_Ty>>::_Emplace_one_at_back<TargetType&>(TargetType &)' のリファレンスを確認してください
          with
          [
              _Ty=int32_t,
              TargetType=size_t
          ]
          C:\Program Files\Microsoft Visual Studio\18\Community\VC\Tools\MSVC\14.50.35717\include\vector(845,20):
          コンパイル対象の関数 テンプレート インスタンス化 '_Ty &std::vector<_Ty,std::allocator<_Ty>>::_Emplace_back_with_unused_capacity<TargetType&>(TargetType &)' のリファレンスを確認してください
          with
          [
              _Ty=int32_t,
              TargetType=size_t
          ]
          C:\Program Files\Microsoft Visual Studio\18\Community\VC\Tools\MSVC\14.50.35717\include\vector(860,18):
          コンパイル対象の関数 テンプレート インスタンス化 'void std::_Construct_in_place<int,TargetType&>(_Ty &,TargetType &) noexcept' のリファレンスを確認してください
          with
          [
              TargetType=size_t,
              _Ty=int
          ]
          C:\Program Files\Microsoft Visual Studio\18\Community\VC\Tools\MSVC\14.50.35717\include\xutility(518,14):
          コンパイル対象の関数 テンプレート インスタンス化 '_Ty *std::construct_at<_Ty,TargetType&>(_Ty *const ,TargetType &) noexcept(<expr>)' のリファレンスを確認してください
          with
          [
              _Ty=int,
              TargetType=size_t
          ]
  
C:\Program Files\Microsoft Visual Studio\18\Community\VC\Tools\MSVC\14.50.35717\include\xutility(522,61): warning C4267: '初期化中': 'size_t' から 'int' に変換しました。データが失われているかもしれません。
  (ソース ファイル 'main.cpp' をコンパイルしています)
  
C:\Program Files\Microsoft Visual Studio\18\Community\VC\Tools\MSVC\14.50.35717\include\utility(274,16): warning C4267: '初期化中': 'size_t' から '_Ty1' に変換しました。データが失われているかもしれません。
C:\Program Files\Microsoft Visual Studio\18\Community\VC\Tools\MSVC\14.50.35717\include\utility(274,16): warning C4267:         with
C:\Program Files\Microsoft Visual Studio\18\Community\VC\Tools\MSVC\14.50.35717\include\utility(274,16): warning C4267:         [
C:\Program Files\Microsoft Visual Studio\18\Community\VC\Tools\MSVC\14.50.35717\include\utility(274,16): warning C4267:             _Ty1=int
C:\Program Files\Microsoft Visual Studio\18\Community\VC\Tools\MSVC\14.50.35717\include\utility(274,16): warning C4267:         ]
  (ソース ファイル 'main.cpp' をコンパイルしています)
      C:\Program Files\Microsoft Visual Studio\18\Community\VC\Tools\MSVC\14.50.35717\include\utility(274,16):
      テンプレートインスタンス化コンテキスト (最初に最も古いもの) は
          C:\Users\hayah\Downloads\libtorch-win-shared-with-deps-debug-2.6.0+cu126\libtorch\include\torch\csrc\dynamo\compiled_autograd.h(531,33):
          コンパイル対象の関数 テンプレート インスタンス化 'std::pair<int,int> &std::vector<std::pair<int,int>,std::allocator<std::pair<int,int>>>::emplace_back<size_t&,int&>(size_t &,int &)' のリファレンスを確認してください
              C:\Users\hayah\Downloads\libtorch-win-shared-with-deps-debug-2.6.0+cu126\libtorch\include\torch\csrc\dynamo\compiled_autograd.h(531,45):
              'torch::dynamo::autograd::CompiledNodeArgs::add_tensor_pre_hook' の 'std::vector<std::pair<int,int>,std::allocator<std::pair<int,int>>>::emplace_back' への最初の参照を参照してください
          C:\Program Files\Microsoft Visual Studio\18\Community\VC\Tools\MSVC\14.50.35717\include\vector(924,24):
          コンパイル対象の関数 テンプレート インスタンス化 '_Ty &std::vector<_Ty,std::allocator<_Ty>>::_Emplace_one_at_back<TargetType&,int&>(TargetType &,int &)' のリファレンスを確認してください
          with
          [
              _Ty=std::pair<int,int>,
              TargetType=size_t
          ]
          C:\Program Files\Microsoft Visual Studio\18\Community\VC\Tools\MSVC\14.50.35717\include\vector(845,20):
          コンパイル対象の関数 テンプレート インスタンス化 '_Ty &std::vector<_Ty,std::allocator<_Ty>>::_Emplace_back_with_unused_capacity<TargetType&,int&>(TargetType &,int &)' のリファレンスを確認してください
          with
          [
              _Ty=std::pair<int,int>,
              TargetType=size_t
          ]
          C:\Program Files\Microsoft Visual Studio\18\Community\VC\Tools\MSVC\14.50.35717\include\vector(860,18):
          コンパイル対象の関数 テンプレート インスタンス化 'void std::_Construct_in_place<std::pair<int,int>,TargetType&,int&>(_Ty &,TargetType &,int &) noexcept' のリファレンスを確認してください
          with
          [
              TargetType=size_t,
              _Ty=std::pair<int,int>
          ]
          C:\Program Files\Microsoft Visual Studio\18\Community\VC\Tools\MSVC\14.50.35717\include\xutility(522,61):
          コンパイル対象の関数 テンプレート インスタンス化 'std::pair<int,int>::pair<size_t&,int&,0>(_Other1,_Other2) noexcept' のリファレンスを確認してください
          with
          [
              _Other1=size_t &,
              _Other2=int &
          ]
  
C:\Program Files\Microsoft Visual Studio\18\Community\VC\Tools\MSVC\14.50.35717\include\xutility(509,69): warning C4267: '初期化中': 'size_t' から '_Ty' に変換しました。データが失われているかもしれません。
C:\Program Files\Microsoft Visual Studio\18\Community\VC\Tools\MSVC\14.50.35717\include\xutility(509,69): warning C4267:         with
C:\Program Files\Microsoft Visual Studio\18\Community\VC\Tools\MSVC\14.50.35717\include\xutility(509,69): warning C4267:         [
C:\Program Files\Microsoft Visual Studio\18\Community\VC\Tools\MSVC\14.50.35717\include\xutility(509,69): warning C4267:             _Ty=unsigned int
C:\Program Files\Microsoft Visual Studio\18\Community\VC\Tools\MSVC\14.50.35717\include\xutility(509,69): warning C4267:         ]
  (ソース ファイル 'main.cpp' をコンパイルしています)
      C:\Program Files\Microsoft Visual Studio\18\Community\VC\Tools\MSVC\14.50.35717\include\xutility(509,69):
      テンプレートインスタンス化コンテキスト (最初に最も古いもの) は
          C:\Program Files\Microsoft Visual Studio\18\Community\VC\Tools\MSVC\14.50.35717\include\vector(860,18):
          コンパイル対象の関数 テンプレート インスタンス化 'void std::_Construct_in_place<unsigned int,const _Ty&>(unsigned int &,const _Ty &) noexcept' のリファレンスを確認してください
          with
          [
              _Ty=size_t
          ]
          C:\Program Files\Microsoft Visual Studio\18\Community\VC\Tools\MSVC\14.50.35717\include\xutility(518,14):
          コンパイル対象の関数 テンプレート インスタンス化 '_Ty *std::construct_at<_Ty,const unsigned __int64&>(_Ty *const ,const unsigned __int64 &) noexcept' のリファレンスを確認してください
          with
          [
              _Ty=unsigned int
          ]
  
C:\Program Files\Microsoft Visual Studio\18\Community\VC\Tools\MSVC\14.50.35717\include\xutility(509,69): warning C4267: '初期化中': 'size_t' から '_Ty' に変換しました。データが失われているかもしれません。
C:\Program Files\Microsoft Visual Studio\18\Community\VC\Tools\MSVC\14.50.35717\include\xutility(509,69): warning C4267:         with
C:\Program Files\Microsoft Visual Studio\18\Community\VC\Tools\MSVC\14.50.35717\include\xutility(509,69): warning C4267:         [
C:\Program Files\Microsoft Visual Studio\18\Community\VC\Tools\MSVC\14.50.35717\include\xutility(509,69): warning C4267:             _Ty=int
C:\Program Files\Microsoft Visual Studio\18\Community\VC\Tools\MSVC\14.50.35717\include\xutility(509,69): warning C4267:         ]
  (ソース ファイル 'main.cpp' をコンパイルしています)
      C:\Program Files\Microsoft Visual Studio\18\Community\VC\Tools\MSVC\14.50.35717\include\xutility(509,69):
      テンプレートインスタンス化コンテキスト (最初に最も古いもの) は
          C:\Program Files\Microsoft Visual Studio\18\Community\VC\Tools\MSVC\14.50.35717\include\vector(860,18):
          コンパイル対象の関数 テンプレート インスタンス化 'void std::_Construct_in_place<int,TargetType&>(_Ty &,TargetType &) noexcept' のリファレンスを確認してください
          with
          [
              TargetType=size_t,
              _Ty=int
          ]
          C:\Program Files\Microsoft Visual Studio\18\Community\VC\Tools\MSVC\14.50.35717\include\xutility(518,14):
          コンパイル対象の関数 テンプレート インスタンス化 '_Ty *std::construct_at<_Ty,TargetType&>(_Ty *const ,TargetType &) noexcept' のリファレンスを確認してください
          with
          [
              _Ty=int,
              TargetType=size_t
          ]
  
  Project2.vcxproj -> C:\Users\hayah\source\repos\Project2\x64\Debug\Project2.exe
